

Microchip MPLAB XC8 Assembler V2.35 build 20211206165544 
                                                                                               Mon May 16 20:39:52 2022

Microchip MPLAB XC8 C Compiler v2.35 (Free license) build 20211206165544 Og1 
     1                           	processor	16F887
     2                           	pagewidth 120
     3                           	opt	flic
     4                           	psect	cinit,global,class=CODE,merge=1,delta=2
     5                           	psect	bssCOMMON,global,class=COMMON,space=1,delta=1,noexec
     6                           	psect	cstackCOMMON,global,class=COMMON,space=1,delta=1,noexec
     7                           	psect	cstackBANK0,global,class=BANK0,space=1,delta=1,noexec
     8                           	psect	maintext,global,class=CODE,split=1,delta=2
     9                           	psect	text1,local,class=CODE,merge=1,delta=2
    10                           	psect	text2,local,class=CODE,merge=1,delta=2
    11                           	psect	text3,local,class=CODE,merge=1,delta=2
    12                           	psect	intentry,global,class=CODE,delta=2
    13                           	psect	text4,local,class=CODE,merge=1,delta=2
    14                           	psect	idloc,global,abs,ovrld,class=IDLOC,space=5,delta=2,noexec
    15                           	psect	config,global,abs,ovrld,class=CONFIG,space=4,delta=2,noexec
    16                           	dabs	1,0x7E,2
    17  0000                     
    18                           ; Version 2.40
    19                           ; Generated 17/11/2021 GMT
    20                           ; 
    21                           ; Copyright © 2021, Microchip Technology Inc. and its subsidiaries ("Microchip")
    22                           ; All rights reserved.
    23                           ; 
    24                           ; This software is developed by Microchip Technology Inc. and its subsidiaries ("Microch
      +                          ip").
    25                           ; 
    26                           ; Redistribution and use in source and binary forms, with or without modification, are
    27                           ; permitted provided that the following conditions are met:
    28                           ; 
    29                           ;     1. Redistributions of source code must retain the above copyright notice, this lis
      +                          t of
    30                           ;        conditions and the following disclaimer.
    31                           ; 
    32                           ;     2. Redistributions in binary form must reproduce the above copyright notice, this 
      +                          list
    33                           ;        of conditions and the following disclaimer in the documentation and/or other
    34                           ;        materials provided with the distribution. Publication is not required when
    35                           ;        this file is used in an embedded application.
    36                           ; 
    37                           ;     3. Microchip's name may not be used to endorse or promote products derived from th
      +                          is
    38                           ;        software without specific prior written permission.
    39                           ; 
    40                           ; THIS SOFTWARE IS PROVIDED BY MICROCHIP "AS IS" AND ANY EXPRESS OR IMPLIED WARRANTIES,
    41                           ; INCLUDING, BUT NOT LIMITED TO, THE IMPLIED WARRANTIES OF MERCHANTABILITY AND FITNESS F
      +                          OR
    42                           ; PURPOSE ARE DISCLAIMED.  IN NO EVENT SHALL MICROCHIP BE LIABLE FOR ANY DIRECT, INDIREC
      +                          T,
    43                           ; INCIDENTAL, SPECIAL, EXEMPLARY, OR CONSEQUENTIAL DAMAGES (INCLUDING BUT NOT LIMITED TO
    44                           ; PROCUREMENT OF SUBSTITUTE GOODS OR SERVICES; LOSS OF USE, DATA OR PROFITS; OR BUSINESS
    45                           ; INTERRUPTION) HOWSOEVER CAUSED AND ON ANY THEORY OF LIABILITY, WHETHER IN CONTRACT, ST
      +                          RICT
    46                           ; LIABILITY, OR TORT (INCLUDING NEGLIGENCE OR OTHERWISE) ARISING IN ANY WAY OUT OF THE U
      +                          SE OF
    47                           ; THIS SOFTWARE, EVEN IF ADVISED OF THE POSSIBILITY OF SUCH DAMAGE.
    48                           ; 
    49                           ; 
    50                           ; Code-generator required, PIC16F887 Definitions
    51                           ; 
    52                           ; SFR Addresses
    53  0000                     	;# 
    54  0001                     	;# 
    55  0002                     	;# 
    56  0003                     	;# 
    57  0004                     	;# 
    58  0005                     	;# 
    59  0006                     	;# 
    60  0007                     	;# 
    61  0008                     	;# 
    62  0009                     	;# 
    63  000A                     	;# 
    64  000B                     	;# 
    65  000C                     	;# 
    66  000D                     	;# 
    67  000E                     	;# 
    68  000E                     	;# 
    69  000F                     	;# 
    70  0010                     	;# 
    71  0011                     	;# 
    72  0012                     	;# 
    73  0013                     	;# 
    74  0014                     	;# 
    75  0015                     	;# 
    76  0015                     	;# 
    77  0016                     	;# 
    78  0017                     	;# 
    79  0018                     	;# 
    80  0019                     	;# 
    81  001A                     	;# 
    82  001B                     	;# 
    83  001B                     	;# 
    84  001C                     	;# 
    85  001D                     	;# 
    86  001E                     	;# 
    87  001F                     	;# 
    88  0081                     	;# 
    89  0085                     	;# 
    90  0086                     	;# 
    91  0087                     	;# 
    92  0088                     	;# 
    93  0089                     	;# 
    94  008C                     	;# 
    95  008D                     	;# 
    96  008E                     	;# 
    97  008F                     	;# 
    98  0090                     	;# 
    99  0091                     	;# 
   100  0092                     	;# 
   101  0093                     	;# 
   102  0093                     	;# 
   103  0093                     	;# 
   104  0094                     	;# 
   105  0095                     	;# 
   106  0096                     	;# 
   107  0097                     	;# 
   108  0098                     	;# 
   109  0099                     	;# 
   110  009A                     	;# 
   111  009B                     	;# 
   112  009C                     	;# 
   113  009D                     	;# 
   114  009E                     	;# 
   115  009F                     	;# 
   116  0105                     	;# 
   117  0107                     	;# 
   118  0108                     	;# 
   119  0109                     	;# 
   120  010C                     	;# 
   121  010C                     	;# 
   122  010D                     	;# 
   123  010E                     	;# 
   124  010F                     	;# 
   125  0185                     	;# 
   126  0187                     	;# 
   127  0188                     	;# 
   128  0189                     	;# 
   129  018C                     	;# 
   130  018D                     	;# 
   131  0000                     	;# 
   132  0001                     	;# 
   133  0002                     	;# 
   134  0003                     	;# 
   135  0004                     	;# 
   136  0005                     	;# 
   137  0006                     	;# 
   138  0007                     	;# 
   139  0008                     	;# 
   140  0009                     	;# 
   141  000A                     	;# 
   142  000B                     	;# 
   143  000C                     	;# 
   144  000D                     	;# 
   145  000E                     	;# 
   146  000E                     	;# 
   147  000F                     	;# 
   148  0010                     	;# 
   149  0011                     	;# 
   150  0012                     	;# 
   151  0013                     	;# 
   152  0014                     	;# 
   153  0015                     	;# 
   154  0015                     	;# 
   155  0016                     	;# 
   156  0017                     	;# 
   157  0018                     	;# 
   158  0019                     	;# 
   159  001A                     	;# 
   160  001B                     	;# 
   161  001B                     	;# 
   162  001C                     	;# 
   163  001D                     	;# 
   164  001E                     	;# 
   165  001F                     	;# 
   166  0081                     	;# 
   167  0085                     	;# 
   168  0086                     	;# 
   169  0087                     	;# 
   170  0088                     	;# 
   171  0089                     	;# 
   172  008C                     	;# 
   173  008D                     	;# 
   174  008E                     	;# 
   175  008F                     	;# 
   176  0090                     	;# 
   177  0091                     	;# 
   178  0092                     	;# 
   179  0093                     	;# 
   180  0093                     	;# 
   181  0093                     	;# 
   182  0094                     	;# 
   183  0095                     	;# 
   184  0096                     	;# 
   185  0097                     	;# 
   186  0098                     	;# 
   187  0099                     	;# 
   188  009A                     	;# 
   189  009B                     	;# 
   190  009C                     	;# 
   191  009D                     	;# 
   192  009E                     	;# 
   193  009F                     	;# 
   194  0105                     	;# 
   195  0107                     	;# 
   196  0108                     	;# 
   197  0109                     	;# 
   198  010C                     	;# 
   199  010C                     	;# 
   200  010D                     	;# 
   201  010E                     	;# 
   202  010F                     	;# 
   203  0185                     	;# 
   204  0187                     	;# 
   205  0188                     	;# 
   206  0189                     	;# 
   207  018C                     	;# 
   208  018D                     	;# 
   209  0005                     _PORTA	set	5
   210  0006                     _PORTB	set	6
   211  0007                     _PORTC	set	7
   212  001F                     _ADCON0bits	set	31
   213  0006                     _PORTBbits	set	6
   214  000B                     _INTCONbits	set	11
   215  0008                     _PORTD	set	8
   216  001E                     _ADRESH	set	30
   217  000C                     _PIR1bits	set	12
   218  009F                     _ADCON1bits	set	159
   219  0096                     _IOCB	set	150
   220  0095                     _WPUB	set	149
   221  0081                     _OPTION_REGbits	set	129
   222  0088                     _TRISD	set	136
   223  0087                     _TRISC	set	135
   224  0085                     _TRISA	set	133
   225  0086                     _TRISB	set	134
   226  008C                     _PIE1bits	set	140
   227  010C                     _EEDAT	set	268
   228  010D                     _EEADR	set	269
   229  0189                     _ANSELH	set	393
   230  0188                     _ANSEL	set	392
   231  018D                     _EECON2	set	397
   232  018C                     _EECON1bits	set	396
   233                           
   234                           	psect	cinit
   235  000F                     start_initialization:	
   236                           ; #config settings
   237                           
   238  000F                     __initialization:
   239                           
   240                           ; Clear objects allocated to COMMON
   241  000F  01F6               	clrf	__pbssCOMMON& (0+127)
   242  0010  01F7               	clrf	(__pbssCOMMON+1)& (0+127)
   243  0011  01F8               	clrf	(__pbssCOMMON+2)& (0+127)
   244  0012                     end_of_initialization:	
   245                           ;End of C runtime variable initialization code
   246                           
   247  0012                     __end_of__initialization:
   248  0012  0183               	clrf	3
   249  0013  120A  118A  2855   	ljmp	_main	;jump to C main() function
   250                           
   251                           	psect	bssCOMMON
   252  0076                     __pbssCOMMON:
   253  0076                     _ADDRESS:
   254  0076                     	ds	1
   255  0077                     _SWITCH:
   256  0077                     	ds	1
   257  0078                     _POT:
   258  0078                     	ds	1
   259                           
   260                           	psect	cstackCOMMON
   261  0070                     __pcstackCOMMON:
   262  0070                     ?_GUARDAR:
   263  0070                     ?_setup:	
   264                           ; 1 bytes @ 0x0
   265                           
   266  0070                     ?_CARGAR:	
   267                           ; 1 bytes @ 0x0
   268                           
   269  0070                     ?_isr:	
   270                           ; 1 bytes @ 0x0
   271                           
   272  0070                     ?_main:	
   273                           ; 1 bytes @ 0x0
   274                           
   275  0070                     GUARDAR@VALORES:	
   276                           ; 1 bytes @ 0x0
   277                           
   278                           
   279                           ; 1 bytes @ 0x0
   280  0070                     	ds	1
   281  0071                     ??_GUARDAR:
   282  0071                     GUARDAR@ADDRESS:	
   283                           ; 1 bytes @ 0x1
   284                           
   285                           
   286                           ; 1 bytes @ 0x1
   287  0071                     	ds	1
   288  0072                     ??_isr:
   289                           
   290                           ; 1 bytes @ 0x2
   291  0072                     	ds	3
   292  0075                     ??_setup:
   293  0075                     ??_CARGAR:	
   294                           ; 1 bytes @ 0x5
   295                           
   296  0075                     CARGAR@ADDRESS:	
   297                           ; 1 bytes @ 0x5
   298                           
   299                           
   300                           ; 1 bytes @ 0x5
   301  0075                     	ds	1
   302                           
   303                           	psect	cstackBANK0
   304  0020                     __pcstackBANK0:
   305  0020                     ??_main:
   306                           
   307                           ; 1 bytes @ 0x0
   308  0020                     	ds	2
   309                           
   310                           	psect	maintext
   311  0055                     __pmaintext:	
   312 ;;
   313 ;;Main: autosize = 0, tempsize = 2, incstack = 0, save=0
   314 ;;
   315 ;; *************** function _main *****************
   316 ;; Defined at:
   317 ;;		line 73 in file "LAB.c"
   318 ;; Parameters:    Size  Location     Type
   319 ;;		None
   320 ;; Auto vars:     Size  Location     Type
   321 ;;		None
   322 ;; Return value:  Size  Location     Type
   323 ;;                  1    wreg      void 
   324 ;; Registers used:
   325 ;;		wreg, status,2, status,0, pclath, cstack
   326 ;; Tracked objects:
   327 ;;		On entry : B00/0
   328 ;;		On exit  : 0/0
   329 ;;		Unchanged: 0/0
   330 ;; Data sizes:     COMMON   BANK0   BANK1   BANK3   BANK2
   331 ;;      Params:         0       0       0       0       0
   332 ;;      Locals:         0       0       0       0       0
   333 ;;      Temps:          0       2       0       0       0
   334 ;;      Totals:         0       2       0       0       0
   335 ;;Total ram usage:        2 bytes
   336 ;; Hardware stack levels required when called: 3
   337 ;; This function calls:
   338 ;;		_CARGAR
   339 ;;		_setup
   340 ;; This function is called by:
   341 ;;		Startup code after reset
   342 ;; This function uses a non-reentrant model
   343 ;;
   344                           
   345  0055                     _main:	
   346                           ;psect for function _main
   347                           
   348  0055                     l825:	
   349                           ;incstack = 0
   350                           ; Regs used in _main: [wreg+status,2+status,0+pclath+cstack]
   351                           
   352                           
   353                           ;LAB.c: 74:     setup();
   354  0055  120A  118A  2016  120A  118A  	fcall	_setup
   355  005A                     l827:
   356                           
   357                           ;LAB.c: 76:         if(ADCON0bits.GO == 0){
   358  005A  1283               	bcf	3,5	;RP0=0, select bank0
   359  005B  1303               	bcf	3,6	;RP1=0, select bank0
   360  005C  189F               	btfsc	31,1	;volatile
   361  005D  285F               	goto	u141
   362  005E  2860               	goto	u140
   363  005F                     u141:
   364  005F  2861               	goto	l831
   365  0060                     u140:
   366  0060                     l829:
   367                           
   368                           ;LAB.c: 77:             ADCON0bits.GO = 1;
   369  0060  149F               	bsf	31,1	;volatile
   370  0061                     l831:
   371                           
   372                           ;LAB.c: 79:         if(SWITCH == 1){
   373  0061  0377               	decf	_SWITCH,w
   374  0062  1D03               	btfss	3,2
   375  0063  2865               	goto	u151
   376  0064  2866               	goto	u150
   377  0065                     u151:
   378  0065  286B               	goto	l835
   379  0066                     u150:
   380  0066                     l833:
   381                           
   382                           ;LAB.c: 80:             PIE1bits.ADIE = 0;
   383  0066  1683               	bsf	3,5	;RP0=1, select bank1
   384  0067  1303               	bcf	3,6	;RP1=0, select bank1
   385  0068  130C               	bcf	12,6	;volatile
   386  0069  0063               	sleep	;# 
   387                           
   388                           ;LAB.c: 82:         }
   389  006A  2873               	goto	l839
   390  006B                     l835:
   391  006B  0877               	movf	_SWITCH,w
   392  006C  1D03               	btfss	3,2
   393  006D  286F               	goto	u161
   394  006E  2870               	goto	u160
   395  006F                     u161:
   396  006F  2873               	goto	l839
   397  0070                     u160:
   398  0070                     l837:
   399                           
   400                           ;LAB.c: 84:             PIE1bits.ADIE = 1;
   401  0070  1683               	bsf	3,5	;RP0=1, select bank1
   402  0071  1303               	bcf	3,6	;RP1=0, select bank1
   403  0072  170C               	bsf	12,6	;volatile
   404  0073                     l839:
   405                           
   406                           ;LAB.c: 86:         PORTC = CARGAR(ADDRESS);
   407  0073  0876               	movf	_ADDRESS,w
   408  0074  120A  118A  20D5  120A  118A  	fcall	_CARGAR
   409  0079  1283               	bcf	3,5	;RP0=0, select bank0
   410  007A  1303               	bcf	3,6	;RP1=0, select bank0
   411  007B  0087               	movwf	7	;volatile
   412  007C                     l841:
   413                           
   414                           ;LAB.c: 87:         _delay((unsigned long)((500)*(1000000/4000.0)));
   415  007C  30A3               	movlw	163
   416  007D  1283               	bcf	3,5	;RP0=0, select bank0
   417  007E  1303               	bcf	3,6	;RP1=0, select bank0
   418  007F  00A1               	movwf	??_main+1
   419  0080  3054               	movlw	84
   420  0081  00A0               	movwf	??_main
   421  0082                     u177:
   422  0082  0BA0               	decfsz	??_main,f
   423  0083  2882               	goto	u177
   424  0084  0BA1               	decfsz	??_main+1,f
   425  0085  2882               	goto	u177
   426  0086  0000               	nop
   427  0087  285A               	goto	l827
   428  0088  120A  118A  280C   	ljmp	start
   429  008B                     __end_of_main:
   430                           
   431                           	psect	text1
   432  0016                     __ptext1:	
   433 ;; *************** function _setup *****************
   434 ;; Defined at:
   435 ;;		line 117 in file "LAB.c"
   436 ;; Parameters:    Size  Location     Type
   437 ;;		None
   438 ;; Auto vars:     Size  Location     Type
   439 ;;		None
   440 ;; Return value:  Size  Location     Type
   441 ;;                  1    wreg      void 
   442 ;; Registers used:
   443 ;;		wreg, status,2, status,0
   444 ;; Tracked objects:
   445 ;;		On entry : 0/0
   446 ;;		On exit  : 0/0
   447 ;;		Unchanged: 0/0
   448 ;; Data sizes:     COMMON   BANK0   BANK1   BANK3   BANK2
   449 ;;      Params:         0       0       0       0       0
   450 ;;      Locals:         0       0       0       0       0
   451 ;;      Temps:          1       0       0       0       0
   452 ;;      Totals:         1       0       0       0       0
   453 ;;Total ram usage:        1 bytes
   454 ;; Hardware stack levels used: 1
   455 ;; Hardware stack levels required when called: 2
   456 ;; This function calls:
   457 ;;		Nothing
   458 ;; This function is called by:
   459 ;;		_main
   460 ;; This function uses a non-reentrant model
   461 ;;
   462                           
   463  0016                     _setup:	
   464                           ;psect for function _setup
   465                           
   466  0016                     l703:	
   467                           ;incstack = 0
   468                           ; Regs used in _setup: [wreg+status,2+status,0]
   469                           
   470                           
   471                           ;LAB.c: 119:     ANSEL = 0b00000001;
   472  0016  3001               	movlw	1
   473  0017  1683               	bsf	3,5	;RP0=1, select bank3
   474  0018  1703               	bsf	3,6	;RP1=1, select bank3
   475  0019  0088               	movwf	8	;volatile
   476  001A                     l705:
   477                           
   478                           ;LAB.c: 120:     ANSELH = 0;
   479  001A  0189               	clrf	9	;volatile
   480  001B                     l707:
   481                           
   482                           ;LAB.c: 121:     TRISB = 0b00000011;;
   483  001B  3003               	movlw	3
   484  001C  1683               	bsf	3,5	;RP0=1, select bank1
   485  001D  1303               	bcf	3,6	;RP1=0, select bank1
   486  001E  0086               	movwf	6	;volatile
   487                           
   488                           ;LAB.c: 122:     PORTB = 0;
   489  001F  1283               	bcf	3,5	;RP0=0, select bank0
   490  0020  1303               	bcf	3,6	;RP1=0, select bank0
   491  0021  0186               	clrf	6	;volatile
   492  0022                     l709:
   493                           
   494                           ;LAB.c: 123:     TRISA = 0b00000001;
   495  0022  3001               	movlw	1
   496  0023  1683               	bsf	3,5	;RP0=1, select bank1
   497  0024  1303               	bcf	3,6	;RP1=0, select bank1
   498  0025  0085               	movwf	5	;volatile
   499  0026                     l711:
   500                           
   501                           ;LAB.c: 124:     TRISC = 0;
   502  0026  0187               	clrf	7	;volatile
   503  0027                     l713:
   504                           
   505                           ;LAB.c: 125:     TRISD = 0;
   506  0027  0188               	clrf	8	;volatile
   507  0028                     l715:
   508                           
   509                           ;LAB.c: 126:     PORTC = 0;
   510  0028  1283               	bcf	3,5	;RP0=0, select bank0
   511  0029  1303               	bcf	3,6	;RP1=0, select bank0
   512  002A  0187               	clrf	7	;volatile
   513  002B                     l717:
   514                           
   515                           ;LAB.c: 127:     PORTD = 0;
   516  002B  0188               	clrf	8	;volatile
   517  002C                     l719:
   518                           
   519                           ;LAB.c: 128:     PORTA = 0;
   520  002C  0185               	clrf	5	;volatile
   521  002D                     l721:
   522                           
   523                           ;LAB.c: 131:     OPTION_REGbits.nRBPU = 0;
   524  002D  1683               	bsf	3,5	;RP0=1, select bank1
   525  002E  1303               	bcf	3,6	;RP1=0, select bank1
   526  002F  1381               	bcf	1,7	;volatile
   527                           
   528                           ;LAB.c: 132:     WPUB = 0b11;
   529  0030  3003               	movlw	3
   530  0031  0095               	movwf	21	;volatile
   531                           
   532                           ;LAB.c: 133:     IOCB = 0b11;
   533  0032  3003               	movlw	3
   534  0033  0096               	movwf	22	;volatile
   535  0034                     l723:
   536                           
   537                           ;LAB.c: 134:     INTCONbits.RBIE = 1;
   538  0034  158B               	bsf	11,3	;volatile
   539  0035                     l725:
   540                           
   541                           ;LAB.c: 135:     INTCONbits.RBIF = 0;
   542  0035  100B               	bcf	11,0	;volatile
   543  0036                     l727:
   544                           
   545                           ;LAB.c: 138:     ADCON0bits.ADCS = 0b00;
   546  0036  303F               	movlw	-193
   547  0037  1283               	bcf	3,5	;RP0=0, select bank0
   548  0038  1303               	bcf	3,6	;RP1=0, select bank0
   549  0039  059F               	andwf	31,f	;volatile
   550  003A                     l729:
   551                           
   552                           ;LAB.c: 139:     ADCON1bits.VCFG0 = 0;
   553  003A  1683               	bsf	3,5	;RP0=1, select bank1
   554  003B  1303               	bcf	3,6	;RP1=0, select bank1
   555  003C  121F               	bcf	31,4	;volatile
   556  003D                     l731:
   557                           
   558                           ;LAB.c: 140:     ADCON1bits.VCFG1 = 0;
   559  003D  129F               	bcf	31,5	;volatile
   560  003E                     l733:
   561                           
   562                           ;LAB.c: 141:     ADCON0bits.CHS = 0;
   563  003E  30C3               	movlw	-61
   564  003F  1283               	bcf	3,5	;RP0=0, select bank0
   565  0040  1303               	bcf	3,6	;RP1=0, select bank0
   566  0041  059F               	andwf	31,f	;volatile
   567  0042                     l735:
   568                           
   569                           ;LAB.c: 142:     ADCON1bits.ADFM = 0;
   570  0042  1683               	bsf	3,5	;RP0=1, select bank1
   571  0043  1303               	bcf	3,6	;RP1=0, select bank1
   572  0044  139F               	bcf	31,7	;volatile
   573  0045                     l737:
   574                           
   575                           ;LAB.c: 143:     ADCON0bits.ADON = 1;
   576  0045  1283               	bcf	3,5	;RP0=0, select bank0
   577  0046  1303               	bcf	3,6	;RP1=0, select bank0
   578  0047  141F               	bsf	31,0	;volatile
   579                           
   580                           ;LAB.c: 144:     _delay((unsigned long)((40)*(1000000/4000000.0)));
   581  0048  3003               	movlw	3
   582  0049  00F5               	movwf	??_setup
   583  004A                     u187:
   584  004A  0BF5               	decfsz	??_setup,f
   585  004B  284A               	goto	u187
   586  004C                     l739:
   587                           
   588                           ;LAB.c: 147:     PIR1bits.ADIF = 0;
   589  004C  1283               	bcf	3,5	;RP0=0, select bank0
   590  004D  1303               	bcf	3,6	;RP1=0, select bank0
   591  004E  130C               	bcf	12,6	;volatile
   592  004F                     l741:
   593                           
   594                           ;LAB.c: 148:     PIE1bits.ADIE = 1;
   595  004F  1683               	bsf	3,5	;RP0=1, select bank1
   596  0050  1303               	bcf	3,6	;RP1=0, select bank1
   597  0051  170C               	bsf	12,6	;volatile
   598  0052                     l743:
   599                           
   600                           ;LAB.c: 149:     INTCONbits.PEIE = 1;
   601  0052  170B               	bsf	11,6	;volatile
   602  0053                     l745:
   603                           
   604                           ;LAB.c: 150:     INTCONbits.GIE = 1;
   605  0053  178B               	bsf	11,7	;volatile
   606  0054                     l95:
   607  0054  0008               	return
   608  0055                     __end_of_setup:
   609                           
   610                           	psect	text2
   611  00D5                     __ptext2:	
   612 ;; *************** function _CARGAR *****************
   613 ;; Defined at:
   614 ;;		line 93 in file "LAB.c"
   615 ;; Parameters:    Size  Location     Type
   616 ;;  ADDRESS         1    wreg     unsigned char 
   617 ;; Auto vars:     Size  Location     Type
   618 ;;  ADDRESS         1    5[COMMON] unsigned char 
   619 ;; Return value:  Size  Location     Type
   620 ;;                  1    wreg      unsigned char 
   621 ;; Registers used:
   622 ;;		wreg
   623 ;; Tracked objects:
   624 ;;		On entry : 0/0
   625 ;;		On exit  : 0/0
   626 ;;		Unchanged: 0/0
   627 ;; Data sizes:     COMMON   BANK0   BANK1   BANK3   BANK2
   628 ;;      Params:         0       0       0       0       0
   629 ;;      Locals:         1       0       0       0       0
   630 ;;      Temps:          0       0       0       0       0
   631 ;;      Totals:         1       0       0       0       0
   632 ;;Total ram usage:        1 bytes
   633 ;; Hardware stack levels used: 1
   634 ;; Hardware stack levels required when called: 2
   635 ;; This function calls:
   636 ;;		Nothing
   637 ;; This function is called by:
   638 ;;		_main
   639 ;; This function uses a non-reentrant model
   640 ;;
   641                           
   642  00D5                     _CARGAR:	
   643                           ;psect for function _CARGAR
   644                           
   645                           
   646                           ;incstack = 0
   647                           ; Regs used in _CARGAR: [wreg]
   648                           ;CARGAR@ADDRESS stored from wreg
   649  00D5  00F5               	movwf	CARGAR@ADDRESS
   650  00D6                     l747:
   651                           
   652                           ;LAB.c: 94:     EEADR = ADDRESS;
   653  00D6  0875               	movf	CARGAR@ADDRESS,w
   654  00D7  1283               	bcf	3,5	;RP0=0, select bank2
   655  00D8  1703               	bsf	3,6	;RP1=1, select bank2
   656  00D9  008D               	movwf	13	;volatile
   657  00DA                     l749:
   658                           
   659                           ;LAB.c: 95:     EECON1bits.EEPGD = 0;
   660  00DA  1683               	bsf	3,5	;RP0=1, select bank3
   661  00DB  1703               	bsf	3,6	;RP1=1, select bank3
   662  00DC  138C               	bcf	12,7	;volsfr
   663  00DD                     l751:
   664                           
   665                           ;LAB.c: 96:     EECON1bits.RD = 1;
   666  00DD  140C               	bsf	12,0	;volsfr
   667                           
   668                           ;LAB.c: 97:     return EEDAT;
   669  00DE  1283               	bcf	3,5	;RP0=0, select bank2
   670  00DF  1703               	bsf	3,6	;RP1=1, select bank2
   671  00E0  080C               	movf	12,w	;volatile
   672  00E1                     l89:
   673  00E1  0008               	return
   674  00E2                     __end_of_CARGAR:
   675                           
   676                           	psect	text3
   677  008B                     __ptext3:	
   678 ;; *************** function _isr *****************
   679 ;; Defined at:
   680 ;;		line 47 in file "LAB.c"
   681 ;; Parameters:    Size  Location     Type
   682 ;;		None
   683 ;; Auto vars:     Size  Location     Type
   684 ;;		None
   685 ;; Return value:  Size  Location     Type
   686 ;;                  1    wreg      void 
   687 ;; Registers used:
   688 ;;		wreg, status,2, status,0, pclath, cstack
   689 ;; Tracked objects:
   690 ;;		On entry : 0/0
   691 ;;		On exit  : 0/0
   692 ;;		Unchanged: 0/0
   693 ;; Data sizes:     COMMON   BANK0   BANK1   BANK3   BANK2
   694 ;;      Params:         0       0       0       0       0
   695 ;;      Locals:         0       0       0       0       0
   696 ;;      Temps:          3       0       0       0       0
   697 ;;      Totals:         3       0       0       0       0
   698 ;;Total ram usage:        3 bytes
   699 ;; Hardware stack levels used: 1
   700 ;; Hardware stack levels required when called: 1
   701 ;; This function calls:
   702 ;;		_GUARDAR
   703 ;; This function is called by:
   704 ;;		Interrupt level 1
   705 ;; This function uses a non-reentrant model
   706 ;;
   707                           
   708  008B                     _isr:	
   709                           ;psect for function _isr
   710                           
   711  008B                     i1l807:
   712                           
   713                           ;LAB.c: 48:     if(PIR1bits.ADIF){
   714  008B  1283               	bcf	3,5	;RP0=0, select bank0
   715  008C  1303               	bcf	3,6	;RP1=0, select bank0
   716  008D  1F0C               	btfss	12,6	;volatile
   717  008E  2890               	goto	u9_21
   718  008F  2891               	goto	u9_20
   719  0090                     u9_21:
   720  0090  2899               	goto	i1l67
   721  0091                     u9_20:
   722  0091                     i1l809:
   723                           
   724                           ;LAB.c: 49:         POT = ADRESH;
   725  0091  081E               	movf	30,w	;volatile
   726  0092  00F2               	movwf	??_isr
   727  0093  0872               	movf	??_isr,w
   728  0094  00F8               	movwf	_POT
   729                           
   730                           ;LAB.c: 50:         PORTD = POT;
   731  0095  0878               	movf	_POT,w
   732  0096  0088               	movwf	8	;volatile
   733  0097                     i1l811:
   734                           
   735                           ;LAB.c: 51:         PIR1bits.ADIF = 0;
   736  0097  130C               	bcf	12,6	;volatile
   737                           
   738                           ;LAB.c: 52:     }
   739  0098  28B9               	goto	i1l74
   740  0099                     i1l67:	
   741                           ;LAB.c: 53:     else if(INTCONbits.RBIF){
   742                           
   743  0099  1C0B               	btfss	11,0	;volatile
   744  009A  289C               	goto	u10_21
   745  009B  289D               	goto	u10_20
   746  009C                     u10_21:
   747  009C  28B9               	goto	i1l74
   748  009D                     u10_20:
   749  009D                     i1l813:
   750                           
   751                           ;LAB.c: 54:         if(!PORTBbits.RB0){
   752  009D  1806               	btfsc	6,0	;volatile
   753  009E  28A0               	goto	u11_21
   754  009F  28A1               	goto	u11_20
   755  00A0                     u11_21:
   756  00A0  28AA               	goto	i1l70
   757  00A1                     u11_20:
   758  00A1                     i1l815:
   759                           
   760                           ;LAB.c: 55:             if(SWITCH==1){
   761  00A1  0377               	decf	_SWITCH,w
   762  00A2  1D03               	btfss	3,2
   763  00A3  28A5               	goto	u12_21
   764  00A4  28A6               	goto	u12_20
   765  00A5                     u12_21:
   766  00A5  28A8               	goto	i1l71
   767  00A6                     u12_20:
   768  00A6                     i1l817:
   769                           
   770                           ;LAB.c: 56:                 SWITCH = 0;
   771  00A6  01F7               	clrf	_SWITCH
   772                           
   773                           ;LAB.c: 57:             }
   774  00A7  28AA               	goto	i1l70
   775  00A8                     i1l71:	
   776                           ;LAB.c: 58:             else{
   777                           
   778                           
   779                           ;LAB.c: 59:                 SWITCH = 1;}
   780  00A8  01F7               	clrf	_SWITCH
   781  00A9  0AF7               	incf	_SWITCH,f
   782  00AA                     i1l70:	
   783                           ;LAB.c: 60:             }
   784                           
   785                           
   786                           ;LAB.c: 61:         if(!PORTBbits.RB1){
   787  00AA  1886               	btfsc	6,1	;volatile
   788  00AB  28AD               	goto	u13_21
   789  00AC  28AE               	goto	u13_20
   790  00AD                     u13_21:
   791  00AD  28B8               	goto	i1l821
   792  00AE                     u13_20:
   793  00AE                     i1l819:
   794                           
   795                           ;LAB.c: 62:            GUARDAR (ADDRESS, POT);
   796  00AE  0878               	movf	_POT,w
   797  00AF  00F2               	movwf	??_isr
   798  00B0  0872               	movf	??_isr,w
   799  00B1  00F0               	movwf	GUARDAR@VALORES
   800  00B2  0876               	movf	_ADDRESS,w
   801  00B3  120A  118A  20C0  120A  118A  	fcall	_GUARDAR
   802  00B8                     i1l821:
   803                           
   804                           ;LAB.c: 65:         INTCONbits.RBIF = 0;
   805  00B8  100B               	bcf	11,0	;volatile
   806  00B9                     i1l74:
   807  00B9  0874               	movf	??_isr+2,w
   808  00BA  008A               	movwf	10
   809  00BB  0E73               	swapf	??_isr+1,w
   810  00BC  0083               	movwf	3
   811  00BD  0EFE               	swapf	btemp,f
   812  00BE  0E7E               	swapf	btemp,w
   813  00BF  0009               	retfie
   814  00C0                     __end_of_isr:
   815                           
   816                           	psect	intentry
   817  0004                     __pintentry:	
   818                           ;incstack = 0
   819                           ; Regs used in _isr: [wreg+status,2+status,0+pclath+cstack]
   820                           
   821  0004                     interrupt_function:
   822  007E                     saved_w	set	btemp
   823  0004  00FE               	movwf	btemp
   824  0005  0E03               	swapf	3,w
   825  0006  00F3               	movwf	??_isr+1
   826  0007  080A               	movf	10,w
   827  0008  00F4               	movwf	??_isr+2
   828  0009  120A  118A  288B   	ljmp	_isr
   829                           
   830                           	psect	text4
   831  00C0                     __ptext4:	
   832 ;; *************** function _GUARDAR *****************
   833 ;; Defined at:
   834 ;;		line 100 in file "LAB.c"
   835 ;; Parameters:    Size  Location     Type
   836 ;;  ADDRESS         1    wreg     unsigned char 
   837 ;;  VALORES         1    0[COMMON] unsigned char 
   838 ;; Auto vars:     Size  Location     Type
   839 ;;  ADDRESS         1    1[COMMON] unsigned char 
   840 ;; Return value:  Size  Location     Type
   841 ;;                  1    wreg      void 
   842 ;; Registers used:
   843 ;;		wreg
   844 ;; Tracked objects:
   845 ;;		On entry : 0/0
   846 ;;		On exit  : 0/0
   847 ;;		Unchanged: 0/0
   848 ;; Data sizes:     COMMON   BANK0   BANK1   BANK3   BANK2
   849 ;;      Params:         1       0       0       0       0
   850 ;;      Locals:         1       0       0       0       0
   851 ;;      Temps:          0       0       0       0       0
   852 ;;      Totals:         2       0       0       0       0
   853 ;;Total ram usage:        2 bytes
   854 ;; Hardware stack levels used: 1
   855 ;; This function calls:
   856 ;;		Nothing
   857 ;; This function is called by:
   858 ;;		_isr
   859 ;; This function uses a non-reentrant model
   860 ;;
   861                           
   862  00C0                     _GUARDAR:	
   863                           ;psect for function _GUARDAR
   864                           
   865                           
   866                           ;incstack = 0
   867                           ; Regs used in _GUARDAR: [wreg]
   868                           ;GUARDAR@ADDRESS stored from wreg
   869  00C0  00F1               	movwf	GUARDAR@ADDRESS
   870  00C1                     i1l791:
   871                           
   872                           ;LAB.c: 101:     EEADR = ADDRESS;
   873  00C1  0871               	movf	GUARDAR@ADDRESS,w
   874  00C2  1283               	bcf	3,5	;RP0=0, select bank2
   875  00C3  1703               	bsf	3,6	;RP1=1, select bank2
   876  00C4  008D               	movwf	13	;volatile
   877                           
   878                           ;LAB.c: 102:     EEDAT = VALORES;
   879  00C5  0870               	movf	GUARDAR@VALORES,w
   880  00C6  008C               	movwf	12	;volatile
   881  00C7                     i1l793:
   882                           
   883                           ;LAB.c: 103:     EECON1bits.EEPGD = 0;
   884  00C7  1683               	bsf	3,5	;RP0=1, select bank3
   885  00C8  1703               	bsf	3,6	;RP1=1, select bank3
   886  00C9  138C               	bcf	12,7	;volsfr
   887  00CA                     i1l795:
   888                           
   889                           ;LAB.c: 104:     EECON1bits.WREN = 1;
   890  00CA  150C               	bsf	12,2	;volsfr
   891  00CB                     i1l797:
   892                           
   893                           ;LAB.c: 105:     INTCONbits.GIE = 0;
   894  00CB  138B               	bcf	11,7	;volatile
   895                           
   896                           ;LAB.c: 106:     EECON2 = 0x55;
   897  00CC  3055               	movlw	85
   898  00CD  008D               	movwf	13	;volsfr
   899                           
   900                           ;LAB.c: 107:     EECON2 = 0xAA;
   901  00CE  30AA               	movlw	170
   902  00CF  008D               	movwf	13	;volsfr
   903  00D0                     i1l799:
   904                           
   905                           ;LAB.c: 108:     EECON1bits.WR = 1;
   906  00D0  148C               	bsf	12,1	;volsfr
   907  00D1                     i1l801:
   908                           
   909                           ;LAB.c: 109:     EECON1bits.WREN = 0;
   910  00D1  110C               	bcf	12,2	;volsfr
   911  00D2                     i1l803:
   912                           
   913                           ;LAB.c: 110:     INTCONbits.RBIF = 0;
   914  00D2  100B               	bcf	11,0	;volatile
   915  00D3                     i1l805:
   916                           
   917                           ;LAB.c: 111:     INTCONbits.GIE = 1;
   918  00D3  178B               	bsf	11,7	;volatile
   919  00D4                     i1l92:
   920  00D4  0008               	return
   921  00D5                     __end_of_GUARDAR:
   922  007E                     btemp	set	126	;btemp
   923  007E                     wtemp0	set	126
   924                           
   925                           	psect	idloc
   926                           
   927                           ;Config register IDLOC0 @ 0x2000
   928                           ;	unspecified, using default values
   929  2000                     	org	8192
   930  2000  3FFF               	dw	16383
   931                           
   932                           ;Config register IDLOC1 @ 0x2001
   933                           ;	unspecified, using default values
   934  2001                     	org	8193
   935  2001  3FFF               	dw	16383
   936                           
   937                           ;Config register IDLOC2 @ 0x2002
   938                           ;	unspecified, using default values
   939  2002                     	org	8194
   940  2002  3FFF               	dw	16383
   941                           
   942                           ;Config register IDLOC3 @ 0x2003
   943                           ;	unspecified, using default values
   944  2003                     	org	8195
   945  2003  3FFF               	dw	16383
   946                           
   947                           	psect	config
   948                           
   949                           ;Config register CONFIG1 @ 0x2007
   950                           ;	Oscillator Selection bits
   951                           ;	FOSC = INTRC_NOCLKOUT, INTOSCIO oscillator: I/O function on RA6/OSC2/CLKOUT pin, I/O f
      +                          unction on RA7/OSC1/CLKIN
   952                           ;	Watchdog Timer Enable bit
   953                           ;	WDTE = OFF, WDT disabled and can be enabled by SWDTEN bit of the WDTCON register
   954                           ;	Power-up Timer Enable bit
   955                           ;	PWRTE = OFF, PWRT disabled
   956                           ;	RE3/MCLR pin function select bit
   957                           ;	MCLRE = OFF, RE3/MCLR pin function is digital input, MCLR internally tied to VDD
   958                           ;	Code Protection bit
   959                           ;	CP = OFF, Program memory code protection is disabled
   960                           ;	Data Code Protection bit
   961                           ;	CPD = OFF, Data memory code protection is disabled
   962                           ;	Brown Out Reset Selection bits
   963                           ;	BOREN = OFF, BOR disabled
   964                           ;	Internal External Switchover bit
   965                           ;	IESO = OFF, Internal/External Switchover mode is disabled
   966                           ;	Fail-Safe Clock Monitor Enabled bit
   967                           ;	FCMEN = OFF, Fail-Safe Clock Monitor is disabled
   968                           ;	Low Voltage Programming Enable bit
   969                           ;	LVP = OFF, RB3 pin has digital I/O, HV on MCLR must be used for programming
   970                           ;	In-Circuit Debugger Mode bit
   971                           ;	DEBUG = 0x1, unprogrammed default
   972  2007                     	org	8199
   973  2007  20D4               	dw	8404
   974                           
   975                           ;Config register CONFIG2 @ 0x2008
   976                           ;	Brown-out Reset Selection bit
   977                           ;	BOR4V = BOR40V, Brown-out Reset set to 4.0V
   978                           ;	Flash Program Memory Self Write Enable bits
   979                           ;	WRT = OFF, Write protection off
   980  2008                     	org	8200
   981  2008  3FFF               	dw	16383

Data Sizes:
    Strings     0
    Constant    0
    Data        0
    BSS         3
    Persistent  0
    Stack       0

Auto Spaces:
    Space          Size  Autos    Used
    COMMON           14      6       9
    BANK0            80      2       2
    BANK1            80      0       0
    BANK3            96      0       0
    BANK2            96      0       0

Pointer List with Targets:

    None.

Critical Paths under _main in COMMON

    _main->_CARGAR
    _main->_setup

Critical Paths under _isr in COMMON

    _isr->_GUARDAR

Critical Paths under _main in BANK0

    None.

Critical Paths under _isr in BANK0

    None.

Critical Paths under _main in BANK1

    None.

Critical Paths under _isr in BANK1

    None.

Critical Paths under _main in BANK3

    None.

Critical Paths under _isr in BANK3

    None.

Critical Paths under _main in BANK2

    None.

Critical Paths under _isr in BANK2

    None.

Call Graph Tables:

 ---------------------------------------------------------------------------------
 (Depth) Function   	        Calls       Base Space   Used Autos Params    Refs
 ---------------------------------------------------------------------------------
 (0) _main                                                 2     2      0      15
                                              0 BANK0      2     2      0
                             _CARGAR
                              _setup
 ---------------------------------------------------------------------------------
 (1) _setup                                                1     1      0       0
                                              5 COMMON     1     1      0
 ---------------------------------------------------------------------------------
 (1) _CARGAR                                               1     1      0      15
                                              5 COMMON     1     1      0
 ---------------------------------------------------------------------------------
 Estimated maximum stack depth 1
 ---------------------------------------------------------------------------------
 (Depth) Function   	        Calls       Base Space   Used Autos Params    Refs
 ---------------------------------------------------------------------------------
 (2) _isr                                                  3     3      0     120
                                              2 COMMON     3     3      0
                            _GUARDAR
 ---------------------------------------------------------------------------------
 (3) _GUARDAR                                              2     1      1     120
                                              0 COMMON     2     1      1
 ---------------------------------------------------------------------------------
 Estimated maximum stack depth 3
 ---------------------------------------------------------------------------------

 Call Graph Graphs:

 _main (ROOT)
   _CARGAR
   _setup

 _isr (ROOT)
   _GUARDAR

 Address spaces:
Name               Size   Autos  Total    Cost      Usage
BITCOMMON            E      0       0       0        0.0%
EEDATA             100      0       0       0        0.0%
NULL                 0      0       0       0        0.0%
CODE                 0      0       0       0        0.0%
COMMON               E      6       9       1       64.3%
BITSFR0              0      0       0       1        0.0%
SFR0                 0      0       0       1        0.0%
BITSFR1              0      0       0       2        0.0%
SFR1                 0      0       0       2        0.0%
STACK                0      0       0       2        0.0%
ABS                  0      0       B       3        0.0%
BITBANK0            50      0       0       4        0.0%
BITSFR3              0      0       0       4        0.0%
SFR3                 0      0       0       4        0.0%
BANK0               50      2       2       5        2.5%
BITSFR2              0      0       0       5        0.0%
SFR2                 0      0       0       5        0.0%
BITBANK1            50      0       0       6        0.0%
BANK1               50      0       0       7        0.0%
BITBANK3            60      0       0       8        0.0%
BANK3               60      0       0       9        0.0%
BITBANK2            60      0       0      10        0.0%
BANK2               60      0       0      11        0.0%
DATA                 0      0       B      12        0.0%


Microchip Technology PIC Macro Assembler V2.35 build 20211206165544 
Symbol Table                                                                                   Mon May 16 20:39:52 2022

                     l95 0054                       l89 00E1                      l711 0026  
                    l703 0016                      l721 002D                      l713 0027  
                    l705 001A                      l731 003D                      l723 0034  
                    l715 0028                      l707 001B                      l741 004F  
                    l733 003E                      l725 0035                      l717 002B  
                    l709 0022                      l751 00DD                      l743 0052  
                    l735 0042                      l727 0036                      l719 002C  
                    l831 0061                      l745 0053                      l737 0045  
                    l729 003A                      l841 007C                      l833 0066  
                    l825 0055                      l747 00D6                      l739 004C  
                    l835 006B                      l827 005A                      l749 00DA  
                    l837 0070                      l829 0060                      l839 0073  
                    u140 0060                      u141 005F                      u150 0066  
                    u151 0065                      u160 0070                      u161 006F  
                    u177 0082                      u187 004A                      _POT 0078  
                    _isr 008B          __end_of_GUARDAR 00D5                     ?_isr 0070  
                   _IOCB 0096                     i1l70 00AA                     i1l71 00A8  
                   i1l74 00B9                     i1l67 0099                     i1l92 00D4  
                   _WPUB 0095                     u9_20 0091                     u9_21 0090  
                   _main 0055                     btemp 007E                     start 000C  
                  ??_isr 0072                    ?_main 0070                    _EEADR 010D  
                  _EEDAT 010C                    _ANSEL 0188                    i1l801 00D1  
                  i1l803 00D2                    i1l811 0097                    i1l805 00D3  
                  i1l821 00B8                    i1l813 009D                    i1l815 00A1  
                  i1l807 008B                    i1l817 00A6                    i1l809 0091  
                  i1l819 00AE                    i1l791 00C1                    i1l793 00C7  
                  i1l795 00CA                    i1l797 00CB                    i1l799 00D0  
                  u10_20 009D                    u10_21 009C                    u11_20 00A1  
                  u11_21 00A0                    u12_20 00A6                    u12_21 00A5  
                  u13_20 00AE                    u13_21 00AD                    _PORTA 0005  
                  _PORTB 0006                    _PORTC 0007                    _PORTD 0008  
                  _TRISA 0085                    _TRISB 0086                    _TRISC 0087  
                  _TRISD 0088                    _setup 0016                    pclath 000A  
                  status 0003                    wtemp0 007E          __initialization 000F  
           __end_of_main 008B                   ??_main 0020                ??_GUARDAR 0071  
                 _CARGAR 00D5                   _ADRESH 001E                   _EECON2 018D  
                 ?_setup 0070                   _ANSELH 0189                   _SWITCH 0077  
                 saved_w 007E           GUARDAR@ADDRESS 0071  __end_of__initialization 0012  
         GUARDAR@VALORES 0070           __pcstackCOMMON 0070            __end_of_setup 0055  
         _OPTION_REGbits 0081                  ?_CARGAR 0070                  ??_setup 0075  
             __pmaintext 0055               __pintentry 0004                  _ADDRESS 0076  
                _GUARDAR 00C0                  __ptext1 0016                  __ptext2 00D5  
                __ptext3 008B                  __ptext4 00C0     end_of_initialization 0012  
              _PORTBbits 0006           __end_of_CARGAR 00E2      start_initialization 000F  
            __end_of_isr 00C0                 ??_CARGAR 0075                 ?_GUARDAR 0070  
          CARGAR@ADDRESS 0075              __pbssCOMMON 0076                ___latbits 0002  
          __pcstackBANK0 0020        interrupt_function 0004                 _PIE1bits 008C  
               _PIR1bits 000C               _ADCON0bits 001F               _ADCON1bits 009F  
             _EECON1bits 018C               _INTCONbits 000B                 intlevel1 0000  
